INFO [2021-04-25 10:15:17] $x
INFO [2021-04-25 10:15:17] dat_list
INFO [2021-04-25 10:15:17] 
INFO [2021-04-25 10:15:17] $na
INFO [2021-04-25 10:15:17] [1] "remove"
INFO [2021-04-25 10:15:17] 
INFO [2021-04-25 10:15:17] $filename
INFO [2021-04-25 10:15:17] NULL
INFO [2021-04-25 10:15:17] 
INFO [2021-04-25 10:15:17] $fill
INFO [2021-04-25 10:15:17] fill
INFO [2021-04-25 10:15:17] 
INFO [2021-04-25 10:15:17] $alpha
INFO [2021-04-25 10:15:17] input$alpha
INFO [2021-04-25 10:15:17] 
INFO [2021-04-25 10:15:17] $col
INFO [2021-04-25 10:15:17] input$border_col
INFO [2021-04-25 10:15:17] 
INFO [2021-04-25 10:15:17] $lwd
INFO [2021-04-25 10:15:17] input$lwd
INFO [2021-04-25 10:15:17] 
INFO [2021-04-25 10:15:17] $lty
INFO [2021-04-25 10:15:17] input$border_line
INFO [2021-04-25 10:15:17] 
INFO [2021-04-25 10:15:17] $label.col
INFO [2021-04-25 10:15:17] input$label_col
INFO [2021-04-25 10:15:17] 
INFO [2021-04-25 10:15:17] $cex
INFO [2021-04-25 10:15:17] input$cex
INFO [2021-04-25 10:15:17] 
INFO [2021-04-25 10:15:17] $print.mode
INFO [2021-04-25 10:15:17] input$print_mode
INFO [2021-04-25 10:15:17] 
INFO [2021-04-25 10:15:17] $sigdigs
INFO [2021-04-25 10:15:17] input$sigdigs
INFO [2021-04-25 10:15:17] 
INFO [2021-04-25 10:15:17] $cat.pos
INFO [2021-04-25 10:15:17] cat_ps
INFO [2021-04-25 10:15:17] 
INFO [2021-04-25 10:15:17] $cat.dist
INFO [2021-04-25 10:15:17] cat_dis
INFO [2021-04-25 10:15:17] 
INFO [2021-04-25 10:15:17] $cat.col
INFO [2021-04-25 10:15:17] input$cat_col
INFO [2021-04-25 10:15:17] 
INFO [2021-04-25 10:15:17] $cat.cex
INFO [2021-04-25 10:15:17] input$cat_cex
INFO [2021-04-25 10:15:17] 
INFO [2021-04-25 10:15:17] $main
INFO [2021-04-25 10:15:17] input$main
INFO [2021-04-25 10:15:17] 
INFO [2021-04-25 10:15:17] $main.cex
INFO [2021-04-25 10:15:17] input$main_cex
INFO [2021-04-25 10:15:17] 
INFO [2021-04-25 10:15:17] $main.pos
INFO [2021-04-25 10:15:17] c(0.5, input$main_height)
INFO [2021-04-25 10:15:17] 
INFO [2021-04-25 10:15:17] $margin
INFO [2021-04-25 10:15:17] input$margin
INFO [2021-04-25 10:15:17] 
INFO [2021-04-25 10:15:17] $euler.d
INFO [2021-04-25 10:15:17] input$euler_d
INFO [2021-04-25 10:15:17] 
INFO [2021-04-25 10:15:17] $scaled
INFO [2021-04-25 10:15:17] input$scaled
INFO [2021-04-25 10:15:17] 
INFO [2021-04-25 10:15:17] $inverted
INFO [2021-04-25 10:15:17] input$inverted
INFO [2021-04-25 10:15:17] 
INFO [2021-04-25 10:15:17] $ext.text
INFO [2021-04-25 10:15:17] input$ext_text
INFO [2021-04-25 10:15:17] 
INFO [2021-04-25 10:15:17] $ext.pos
INFO [2021-04-25 10:15:17] input$ext_pos
INFO [2021-04-25 10:15:17] 
INFO [2021-04-25 10:15:17] $ext.line.lwd
INFO [2021-04-25 10:15:17] input$ext_line_lwd
INFO [2021-04-25 10:15:17] 
INFO [2021-04-25 10:15:17] $ext.line.lty
INFO [2021-04-25 10:15:17] input$ext_line_lty
INFO [2021-04-25 10:15:17] 
INFO [2021-04-25 10:15:17] $ext.dist
INFO [2021-04-25 10:15:17] input$ext_dist
INFO [2021-04-25 10:15:17] 
INFO [2021-04-25 10:15:17] $ext.length
INFO [2021-04-25 10:15:17] input$ext_length
INFO [2021-04-25 10:15:17] 
INFO [2021-04-25 10:15:17] [[30]]
INFO [2021-04-25 10:15:17] 
INFO [2021-04-25 10:15:17] 
