INFO [2021-04-25 10:13:03] $x
INFO [2021-04-25 10:13:03] dat_list
INFO [2021-04-25 10:13:03] 
INFO [2021-04-25 10:13:03] $na
INFO [2021-04-25 10:13:03] [1] "remove"
INFO [2021-04-25 10:13:03] 
INFO [2021-04-25 10:13:03] $filename
INFO [2021-04-25 10:13:03] NULL
INFO [2021-04-25 10:13:03] 
INFO [2021-04-25 10:13:03] $fill
INFO [2021-04-25 10:13:03] fill
INFO [2021-04-25 10:13:03] 
INFO [2021-04-25 10:13:03] $alpha
INFO [2021-04-25 10:13:03] input$alpha
INFO [2021-04-25 10:13:03] 
INFO [2021-04-25 10:13:03] $col
INFO [2021-04-25 10:13:03] input$border_col
INFO [2021-04-25 10:13:03] 
INFO [2021-04-25 10:13:03] $lwd
INFO [2021-04-25 10:13:03] input$lwd
INFO [2021-04-25 10:13:03] 
INFO [2021-04-25 10:13:03] $lty
INFO [2021-04-25 10:13:03] input$border_line
INFO [2021-04-25 10:13:03] 
INFO [2021-04-25 10:13:03] $label.col
INFO [2021-04-25 10:13:03] input$label_col
INFO [2021-04-25 10:13:03] 
INFO [2021-04-25 10:13:03] $cex
INFO [2021-04-25 10:13:03] input$cex
INFO [2021-04-25 10:13:03] 
INFO [2021-04-25 10:13:03] $print.mode
INFO [2021-04-25 10:13:03] input$print_mode
INFO [2021-04-25 10:13:03] 
INFO [2021-04-25 10:13:03] $sigdigs
INFO [2021-04-25 10:13:03] input$sigdigs
INFO [2021-04-25 10:13:03] 
INFO [2021-04-25 10:13:03] $cat.pos
INFO [2021-04-25 10:13:03] cat_ps
INFO [2021-04-25 10:13:03] 
INFO [2021-04-25 10:13:03] $cat.dist
INFO [2021-04-25 10:13:03] cat_dis
INFO [2021-04-25 10:13:03] 
INFO [2021-04-25 10:13:03] $cat.col
INFO [2021-04-25 10:13:03] input$cat_col
INFO [2021-04-25 10:13:03] 
INFO [2021-04-25 10:13:03] $cat.cex
INFO [2021-04-25 10:13:03] input$cat_cex
INFO [2021-04-25 10:13:03] 
INFO [2021-04-25 10:13:03] $main
INFO [2021-04-25 10:13:03] input$main
INFO [2021-04-25 10:13:03] 
INFO [2021-04-25 10:13:03] $main.cex
INFO [2021-04-25 10:13:03] input$main_cex
INFO [2021-04-25 10:13:03] 
INFO [2021-04-25 10:13:03] $main.pos
INFO [2021-04-25 10:13:03] c(0.5, input$main_height)
INFO [2021-04-25 10:13:03] 
INFO [2021-04-25 10:13:03] $margin
INFO [2021-04-25 10:13:03] input$margin
INFO [2021-04-25 10:13:03] 
INFO [2021-04-25 10:13:03] $euler.d
INFO [2021-04-25 10:13:03] input$euler_d
INFO [2021-04-25 10:13:03] 
INFO [2021-04-25 10:13:03] $scaled
INFO [2021-04-25 10:13:03] input$scaled
INFO [2021-04-25 10:13:03] 
INFO [2021-04-25 10:13:03] $inverted
INFO [2021-04-25 10:13:03] input$inverted
INFO [2021-04-25 10:13:03] 
INFO [2021-04-25 10:13:03] $ext.text
INFO [2021-04-25 10:13:03] input$ext_text
INFO [2021-04-25 10:13:03] 
INFO [2021-04-25 10:13:03] $ext.pos
INFO [2021-04-25 10:13:03] input$ext_pos
INFO [2021-04-25 10:13:03] 
INFO [2021-04-25 10:13:03] $ext.line.lwd
INFO [2021-04-25 10:13:03] input$ext_line_lwd
INFO [2021-04-25 10:13:03] 
INFO [2021-04-25 10:13:03] $ext.line.lty
INFO [2021-04-25 10:13:03] input$ext_line_lty
INFO [2021-04-25 10:13:03] 
INFO [2021-04-25 10:13:03] $ext.dist
INFO [2021-04-25 10:13:03] input$ext_dist
INFO [2021-04-25 10:13:03] 
INFO [2021-04-25 10:13:03] $ext.length
INFO [2021-04-25 10:13:03] input$ext_length
INFO [2021-04-25 10:13:03] 
INFO [2021-04-25 10:13:03] [[30]]
INFO [2021-04-25 10:13:03] 
INFO [2021-04-25 10:13:03] 
