INFO [2021-04-25 10:26:39] $x
INFO [2021-04-25 10:26:39] dat_list
INFO [2021-04-25 10:26:39] 
INFO [2021-04-25 10:26:39] $na
INFO [2021-04-25 10:26:39] [1] "remove"
INFO [2021-04-25 10:26:39] 
INFO [2021-04-25 10:26:39] $filename
INFO [2021-04-25 10:26:39] NULL
INFO [2021-04-25 10:26:39] 
INFO [2021-04-25 10:26:39] $fill
INFO [2021-04-25 10:26:39] fill
INFO [2021-04-25 10:26:39] 
INFO [2021-04-25 10:26:39] $alpha
INFO [2021-04-25 10:26:39] input$alpha
INFO [2021-04-25 10:26:39] 
INFO [2021-04-25 10:26:39] $col
INFO [2021-04-25 10:26:39] input$border_col
INFO [2021-04-25 10:26:39] 
INFO [2021-04-25 10:26:39] $lwd
INFO [2021-04-25 10:26:39] input$lwd
INFO [2021-04-25 10:26:39] 
INFO [2021-04-25 10:26:39] $lty
INFO [2021-04-25 10:26:39] input$border_line
INFO [2021-04-25 10:26:39] 
INFO [2021-04-25 10:26:39] $label.col
INFO [2021-04-25 10:26:39] input$label_col
INFO [2021-04-25 10:26:39] 
INFO [2021-04-25 10:26:39] $cex
INFO [2021-04-25 10:26:39] input$cex
INFO [2021-04-25 10:26:39] 
INFO [2021-04-25 10:26:39] $print.mode
INFO [2021-04-25 10:26:39] input$print_mode
INFO [2021-04-25 10:26:39] 
INFO [2021-04-25 10:26:39] $sigdigs
INFO [2021-04-25 10:26:39] input$sigdigs
INFO [2021-04-25 10:26:39] 
INFO [2021-04-25 10:26:39] $cat.pos
INFO [2021-04-25 10:26:39] cat_ps
INFO [2021-04-25 10:26:39] 
INFO [2021-04-25 10:26:39] $cat.dist
INFO [2021-04-25 10:26:39] cat_dis
INFO [2021-04-25 10:26:39] 
INFO [2021-04-25 10:26:39] $cat.col
INFO [2021-04-25 10:26:39] input$cat_col
INFO [2021-04-25 10:26:39] 
INFO [2021-04-25 10:26:39] $cat.cex
INFO [2021-04-25 10:26:39] input$cat_cex
INFO [2021-04-25 10:26:39] 
INFO [2021-04-25 10:26:39] $main
INFO [2021-04-25 10:26:39] input$main
INFO [2021-04-25 10:26:39] 
INFO [2021-04-25 10:26:39] $main.cex
INFO [2021-04-25 10:26:39] input$main_cex
INFO [2021-04-25 10:26:39] 
INFO [2021-04-25 10:26:39] $main.pos
INFO [2021-04-25 10:26:39] c(0.5, input$main_height)
INFO [2021-04-25 10:26:39] 
INFO [2021-04-25 10:26:39] $margin
INFO [2021-04-25 10:26:39] input$margin
INFO [2021-04-25 10:26:39] 
INFO [2021-04-25 10:26:39] $euler.d
INFO [2021-04-25 10:26:39] input$euler_d
INFO [2021-04-25 10:26:39] 
INFO [2021-04-25 10:26:39] $scaled
INFO [2021-04-25 10:26:39] input$scaled
INFO [2021-04-25 10:26:39] 
INFO [2021-04-25 10:26:39] $inverted
INFO [2021-04-25 10:26:39] input$inverted
INFO [2021-04-25 10:26:39] 
INFO [2021-04-25 10:26:39] $ext.text
INFO [2021-04-25 10:26:39] input$ext_text
INFO [2021-04-25 10:26:39] 
INFO [2021-04-25 10:26:39] $ext.pos
INFO [2021-04-25 10:26:39] input$ext_pos
INFO [2021-04-25 10:26:39] 
INFO [2021-04-25 10:26:39] $ext.line.lwd
INFO [2021-04-25 10:26:39] input$ext_line_lwd
INFO [2021-04-25 10:26:39] 
INFO [2021-04-25 10:26:39] $ext.line.lty
INFO [2021-04-25 10:26:39] input$ext_line_lty
INFO [2021-04-25 10:26:39] 
INFO [2021-04-25 10:26:39] $ext.dist
INFO [2021-04-25 10:26:39] input$ext_dist
INFO [2021-04-25 10:26:39] 
INFO [2021-04-25 10:26:39] $ext.length
INFO [2021-04-25 10:26:39] input$ext_length
INFO [2021-04-25 10:26:39] 
INFO [2021-04-25 10:26:39] [[30]]
INFO [2021-04-25 10:26:39] 
INFO [2021-04-25 10:26:39] 
