INFO [2021-04-25 09:43:52] $x
INFO [2021-04-25 09:43:52] dat_list
INFO [2021-04-25 09:43:52] 
INFO [2021-04-25 09:43:52] $na
INFO [2021-04-25 09:43:52] [1] "remove"
INFO [2021-04-25 09:43:52] 
INFO [2021-04-25 09:43:52] $filename
INFO [2021-04-25 09:43:52] NULL
INFO [2021-04-25 09:43:52] 
INFO [2021-04-25 09:43:52] $fill
INFO [2021-04-25 09:43:52] fill
INFO [2021-04-25 09:43:52] 
INFO [2021-04-25 09:43:52] $alpha
INFO [2021-04-25 09:43:52] input$alpha
INFO [2021-04-25 09:43:52] 
INFO [2021-04-25 09:43:52] $col
INFO [2021-04-25 09:43:52] input$border_col
INFO [2021-04-25 09:43:52] 
INFO [2021-04-25 09:43:52] $lwd
INFO [2021-04-25 09:43:52] input$lwd
INFO [2021-04-25 09:43:52] 
INFO [2021-04-25 09:43:52] $lty
INFO [2021-04-25 09:43:52] input$border_line
INFO [2021-04-25 09:43:52] 
INFO [2021-04-25 09:43:52] $label.col
INFO [2021-04-25 09:43:52] input$label_col
INFO [2021-04-25 09:43:52] 
INFO [2021-04-25 09:43:52] $cex
INFO [2021-04-25 09:43:52] input$cex
INFO [2021-04-25 09:43:52] 
INFO [2021-04-25 09:43:52] $print.mode
INFO [2021-04-25 09:43:52] input$print_mode
INFO [2021-04-25 09:43:52] 
INFO [2021-04-25 09:43:52] $sigdigs
INFO [2021-04-25 09:43:52] input$sigdigs
INFO [2021-04-25 09:43:52] 
INFO [2021-04-25 09:43:52] $cat.pos
INFO [2021-04-25 09:43:52] cat_ps
INFO [2021-04-25 09:43:52] 
INFO [2021-04-25 09:43:52] $cat.dist
INFO [2021-04-25 09:43:52] cat_dis
INFO [2021-04-25 09:43:52] 
INFO [2021-04-25 09:43:52] $cat.col
INFO [2021-04-25 09:43:52] input$cat_col
INFO [2021-04-25 09:43:52] 
INFO [2021-04-25 09:43:52] $cat.cex
INFO [2021-04-25 09:43:52] input$cat_cex
INFO [2021-04-25 09:43:52] 
INFO [2021-04-25 09:43:52] $main
INFO [2021-04-25 09:43:52] input$main
INFO [2021-04-25 09:43:52] 
INFO [2021-04-25 09:43:52] $main.cex
INFO [2021-04-25 09:43:52] input$main_cex
INFO [2021-04-25 09:43:52] 
INFO [2021-04-25 09:43:52] $main.pos
INFO [2021-04-25 09:43:52] c(0.5, input$main_height)
INFO [2021-04-25 09:43:52] 
INFO [2021-04-25 09:43:52] $margin
INFO [2021-04-25 09:43:52] input$margin
INFO [2021-04-25 09:43:52] 
INFO [2021-04-25 09:43:52] $euler.d
INFO [2021-04-25 09:43:52] input$euler_d
INFO [2021-04-25 09:43:52] 
INFO [2021-04-25 09:43:52] $scaled
INFO [2021-04-25 09:43:52] input$scaled
INFO [2021-04-25 09:43:52] 
INFO [2021-04-25 09:43:52] $inverted
INFO [2021-04-25 09:43:52] input$inverted
INFO [2021-04-25 09:43:52] 
INFO [2021-04-25 09:43:52] $ext.text
INFO [2021-04-25 09:43:52] input$ext_text
INFO [2021-04-25 09:43:52] 
INFO [2021-04-25 09:43:52] $ext.pos
INFO [2021-04-25 09:43:52] input$ext_pos
INFO [2021-04-25 09:43:52] 
INFO [2021-04-25 09:43:52] $ext.line.lwd
INFO [2021-04-25 09:43:52] input$ext_line_lwd
INFO [2021-04-25 09:43:52] 
INFO [2021-04-25 09:43:52] $ext.line.lty
INFO [2021-04-25 09:43:52] input$ext_line_lty
INFO [2021-04-25 09:43:52] 
INFO [2021-04-25 09:43:52] $ext.dist
INFO [2021-04-25 09:43:52] input$ext_dist
INFO [2021-04-25 09:43:52] 
INFO [2021-04-25 09:43:52] $ext.length
INFO [2021-04-25 09:43:52] input$ext_length
INFO [2021-04-25 09:43:52] 
INFO [2021-04-25 09:43:52] [[30]]
INFO [2021-04-25 09:43:52] 
INFO [2021-04-25 09:43:52] 
