INFO [2021-04-25 09:30:24] $x
INFO [2021-04-25 09:30:24] dat_list
INFO [2021-04-25 09:30:24] 
INFO [2021-04-25 09:30:24] $na
INFO [2021-04-25 09:30:24] [1] "remove"
INFO [2021-04-25 09:30:24] 
INFO [2021-04-25 09:30:24] $filename
INFO [2021-04-25 09:30:24] NULL
INFO [2021-04-25 09:30:24] 
INFO [2021-04-25 09:30:24] $fill
INFO [2021-04-25 09:30:24] fill
INFO [2021-04-25 09:30:24] 
INFO [2021-04-25 09:30:24] $alpha
INFO [2021-04-25 09:30:24] input$alpha
INFO [2021-04-25 09:30:24] 
INFO [2021-04-25 09:30:24] $col
INFO [2021-04-25 09:30:24] input$border_col
INFO [2021-04-25 09:30:24] 
INFO [2021-04-25 09:30:24] $lwd
INFO [2021-04-25 09:30:24] input$lwd
INFO [2021-04-25 09:30:24] 
INFO [2021-04-25 09:30:24] $lty
INFO [2021-04-25 09:30:24] input$border_line
INFO [2021-04-25 09:30:24] 
INFO [2021-04-25 09:30:24] $label.col
INFO [2021-04-25 09:30:24] input$label_col
INFO [2021-04-25 09:30:24] 
INFO [2021-04-25 09:30:24] $cex
INFO [2021-04-25 09:30:24] input$cex
INFO [2021-04-25 09:30:24] 
INFO [2021-04-25 09:30:24] $print.mode
INFO [2021-04-25 09:30:24] input$print_mode
INFO [2021-04-25 09:30:24] 
INFO [2021-04-25 09:30:24] $sigdigs
INFO [2021-04-25 09:30:24] input$sigdigs
INFO [2021-04-25 09:30:24] 
INFO [2021-04-25 09:30:24] $cat.pos
INFO [2021-04-25 09:30:24] cat_ps
INFO [2021-04-25 09:30:24] 
INFO [2021-04-25 09:30:24] $cat.dist
INFO [2021-04-25 09:30:24] cat_dis
INFO [2021-04-25 09:30:24] 
INFO [2021-04-25 09:30:24] $cat.col
INFO [2021-04-25 09:30:24] input$cat_col
INFO [2021-04-25 09:30:24] 
INFO [2021-04-25 09:30:24] $cat.cex
INFO [2021-04-25 09:30:24] input$cat_cex
INFO [2021-04-25 09:30:24] 
INFO [2021-04-25 09:30:24] $main
INFO [2021-04-25 09:30:24] input$main
INFO [2021-04-25 09:30:24] 
INFO [2021-04-25 09:30:24] $main.cex
INFO [2021-04-25 09:30:24] input$main_cex
INFO [2021-04-25 09:30:24] 
INFO [2021-04-25 09:30:24] $main.pos
INFO [2021-04-25 09:30:24] c(0.5, input$main_height)
INFO [2021-04-25 09:30:24] 
INFO [2021-04-25 09:30:24] $margin
INFO [2021-04-25 09:30:24] input$margin
INFO [2021-04-25 09:30:24] 
INFO [2021-04-25 09:30:24] $euler.d
INFO [2021-04-25 09:30:24] input$euler_d
INFO [2021-04-25 09:30:24] 
INFO [2021-04-25 09:30:24] $scaled
INFO [2021-04-25 09:30:24] input$scaled
INFO [2021-04-25 09:30:24] 
INFO [2021-04-25 09:30:24] $inverted
INFO [2021-04-25 09:30:24] input$inverted
INFO [2021-04-25 09:30:24] 
INFO [2021-04-25 09:30:24] $ext.text
INFO [2021-04-25 09:30:24] input$ext_text
INFO [2021-04-25 09:30:24] 
INFO [2021-04-25 09:30:24] $ext.pos
INFO [2021-04-25 09:30:24] input$ext_pos
INFO [2021-04-25 09:30:24] 
INFO [2021-04-25 09:30:24] $ext.line.lwd
INFO [2021-04-25 09:30:24] input$ext_line_lwd
INFO [2021-04-25 09:30:24] 
INFO [2021-04-25 09:30:24] $ext.line.lty
INFO [2021-04-25 09:30:24] input$ext_line_lty
INFO [2021-04-25 09:30:24] 
INFO [2021-04-25 09:30:24] $ext.dist
INFO [2021-04-25 09:30:24] input$ext_dist
INFO [2021-04-25 09:30:24] 
INFO [2021-04-25 09:30:24] $ext.length
INFO [2021-04-25 09:30:24] input$ext_length
INFO [2021-04-25 09:30:24] 
INFO [2021-04-25 09:30:24] [[30]]
INFO [2021-04-25 09:30:24] 
INFO [2021-04-25 09:30:24] 
