INFO [2021-04-25 10:23:16] $x
INFO [2021-04-25 10:23:16] dat_list
INFO [2021-04-25 10:23:16] 
INFO [2021-04-25 10:23:16] $na
INFO [2021-04-25 10:23:16] [1] "remove"
INFO [2021-04-25 10:23:16] 
INFO [2021-04-25 10:23:16] $filename
INFO [2021-04-25 10:23:16] NULL
INFO [2021-04-25 10:23:16] 
INFO [2021-04-25 10:23:16] $fill
INFO [2021-04-25 10:23:16] fill
INFO [2021-04-25 10:23:16] 
INFO [2021-04-25 10:23:16] $alpha
INFO [2021-04-25 10:23:16] input$alpha
INFO [2021-04-25 10:23:16] 
INFO [2021-04-25 10:23:16] $col
INFO [2021-04-25 10:23:16] input$border_col
INFO [2021-04-25 10:23:16] 
INFO [2021-04-25 10:23:16] $lwd
INFO [2021-04-25 10:23:16] input$lwd
INFO [2021-04-25 10:23:16] 
INFO [2021-04-25 10:23:16] $lty
INFO [2021-04-25 10:23:16] input$border_line
INFO [2021-04-25 10:23:16] 
INFO [2021-04-25 10:23:16] $label.col
INFO [2021-04-25 10:23:16] input$label_col
INFO [2021-04-25 10:23:16] 
INFO [2021-04-25 10:23:16] $cex
INFO [2021-04-25 10:23:16] input$cex
INFO [2021-04-25 10:23:16] 
INFO [2021-04-25 10:23:16] $print.mode
INFO [2021-04-25 10:23:16] input$print_mode
INFO [2021-04-25 10:23:16] 
INFO [2021-04-25 10:23:16] $sigdigs
INFO [2021-04-25 10:23:16] input$sigdigs
INFO [2021-04-25 10:23:16] 
INFO [2021-04-25 10:23:16] $cat.pos
INFO [2021-04-25 10:23:16] cat_ps
INFO [2021-04-25 10:23:16] 
INFO [2021-04-25 10:23:16] $cat.dist
INFO [2021-04-25 10:23:16] cat_dis
INFO [2021-04-25 10:23:16] 
INFO [2021-04-25 10:23:16] $cat.col
INFO [2021-04-25 10:23:16] input$cat_col
INFO [2021-04-25 10:23:16] 
INFO [2021-04-25 10:23:16] $cat.cex
INFO [2021-04-25 10:23:16] input$cat_cex
INFO [2021-04-25 10:23:16] 
INFO [2021-04-25 10:23:16] $main
INFO [2021-04-25 10:23:16] input$main
INFO [2021-04-25 10:23:16] 
INFO [2021-04-25 10:23:16] $main.cex
INFO [2021-04-25 10:23:16] input$main_cex
INFO [2021-04-25 10:23:16] 
INFO [2021-04-25 10:23:16] $main.pos
INFO [2021-04-25 10:23:16] c(0.5, input$main_height)
INFO [2021-04-25 10:23:16] 
INFO [2021-04-25 10:23:16] $margin
INFO [2021-04-25 10:23:16] input$margin
INFO [2021-04-25 10:23:16] 
INFO [2021-04-25 10:23:16] $euler.d
INFO [2021-04-25 10:23:16] input$euler_d
INFO [2021-04-25 10:23:16] 
INFO [2021-04-25 10:23:16] $scaled
INFO [2021-04-25 10:23:16] input$scaled
INFO [2021-04-25 10:23:16] 
INFO [2021-04-25 10:23:16] $inverted
INFO [2021-04-25 10:23:16] input$inverted
INFO [2021-04-25 10:23:16] 
INFO [2021-04-25 10:23:16] $ext.text
INFO [2021-04-25 10:23:16] input$ext_text
INFO [2021-04-25 10:23:16] 
INFO [2021-04-25 10:23:16] $ext.pos
INFO [2021-04-25 10:23:16] input$ext_pos
INFO [2021-04-25 10:23:16] 
INFO [2021-04-25 10:23:16] $ext.line.lwd
INFO [2021-04-25 10:23:16] input$ext_line_lwd
INFO [2021-04-25 10:23:16] 
INFO [2021-04-25 10:23:16] $ext.line.lty
INFO [2021-04-25 10:23:16] input$ext_line_lty
INFO [2021-04-25 10:23:16] 
INFO [2021-04-25 10:23:16] $ext.dist
INFO [2021-04-25 10:23:16] input$ext_dist
INFO [2021-04-25 10:23:16] 
INFO [2021-04-25 10:23:16] $ext.length
INFO [2021-04-25 10:23:16] input$ext_length
INFO [2021-04-25 10:23:16] 
INFO [2021-04-25 10:23:16] [[30]]
INFO [2021-04-25 10:23:16] 
INFO [2021-04-25 10:23:16] 
