INFO [2021-04-25 10:32:18] $x
INFO [2021-04-25 10:32:18] dat_list
INFO [2021-04-25 10:32:18] 
INFO [2021-04-25 10:32:18] $na
INFO [2021-04-25 10:32:18] [1] "remove"
INFO [2021-04-25 10:32:18] 
INFO [2021-04-25 10:32:18] $filename
INFO [2021-04-25 10:32:18] NULL
INFO [2021-04-25 10:32:18] 
INFO [2021-04-25 10:32:18] $fill
INFO [2021-04-25 10:32:18] fill
INFO [2021-04-25 10:32:18] 
INFO [2021-04-25 10:32:18] $alpha
INFO [2021-04-25 10:32:18] input$alpha
INFO [2021-04-25 10:32:18] 
INFO [2021-04-25 10:32:18] $col
INFO [2021-04-25 10:32:18] input$border_col
INFO [2021-04-25 10:32:18] 
INFO [2021-04-25 10:32:18] $lwd
INFO [2021-04-25 10:32:18] input$lwd
INFO [2021-04-25 10:32:18] 
INFO [2021-04-25 10:32:18] $lty
INFO [2021-04-25 10:32:18] input$border_line
INFO [2021-04-25 10:32:18] 
INFO [2021-04-25 10:32:18] $label.col
INFO [2021-04-25 10:32:18] input$label_col
INFO [2021-04-25 10:32:18] 
INFO [2021-04-25 10:32:18] $cex
INFO [2021-04-25 10:32:18] input$cex
INFO [2021-04-25 10:32:18] 
INFO [2021-04-25 10:32:18] $print.mode
INFO [2021-04-25 10:32:18] input$print_mode
INFO [2021-04-25 10:32:18] 
INFO [2021-04-25 10:32:18] $sigdigs
INFO [2021-04-25 10:32:18] input$sigdigs
INFO [2021-04-25 10:32:18] 
INFO [2021-04-25 10:32:18] $cat.pos
INFO [2021-04-25 10:32:18] cat_ps
INFO [2021-04-25 10:32:18] 
INFO [2021-04-25 10:32:18] $cat.dist
INFO [2021-04-25 10:32:18] cat_dis
INFO [2021-04-25 10:32:18] 
INFO [2021-04-25 10:32:18] $cat.col
INFO [2021-04-25 10:32:18] input$cat_col
INFO [2021-04-25 10:32:18] 
INFO [2021-04-25 10:32:18] $cat.cex
INFO [2021-04-25 10:32:18] input$cat_cex
INFO [2021-04-25 10:32:18] 
INFO [2021-04-25 10:32:18] $main
INFO [2021-04-25 10:32:18] input$main
INFO [2021-04-25 10:32:18] 
INFO [2021-04-25 10:32:18] $main.cex
INFO [2021-04-25 10:32:18] input$main_cex
INFO [2021-04-25 10:32:18] 
INFO [2021-04-25 10:32:18] $main.pos
INFO [2021-04-25 10:32:18] c(0.5, input$main_height)
INFO [2021-04-25 10:32:18] 
INFO [2021-04-25 10:32:18] $margin
INFO [2021-04-25 10:32:18] input$margin
INFO [2021-04-25 10:32:18] 
INFO [2021-04-25 10:32:18] $euler.d
INFO [2021-04-25 10:32:18] input$euler_d
INFO [2021-04-25 10:32:18] 
INFO [2021-04-25 10:32:18] $scaled
INFO [2021-04-25 10:32:18] input$scaled
INFO [2021-04-25 10:32:18] 
INFO [2021-04-25 10:32:18] $inverted
INFO [2021-04-25 10:32:18] input$inverted
INFO [2021-04-25 10:32:18] 
INFO [2021-04-25 10:32:18] $ext.text
INFO [2021-04-25 10:32:18] input$ext_text
INFO [2021-04-25 10:32:18] 
INFO [2021-04-25 10:32:18] $ext.pos
INFO [2021-04-25 10:32:18] input$ext_pos
INFO [2021-04-25 10:32:18] 
INFO [2021-04-25 10:32:18] $ext.line.lwd
INFO [2021-04-25 10:32:18] input$ext_line_lwd
INFO [2021-04-25 10:32:18] 
INFO [2021-04-25 10:32:18] $ext.line.lty
INFO [2021-04-25 10:32:18] input$ext_line_lty
INFO [2021-04-25 10:32:18] 
INFO [2021-04-25 10:32:18] $ext.dist
INFO [2021-04-25 10:32:18] input$ext_dist
INFO [2021-04-25 10:32:18] 
INFO [2021-04-25 10:32:18] $ext.length
INFO [2021-04-25 10:32:18] input$ext_length
INFO [2021-04-25 10:32:18] 
INFO [2021-04-25 10:32:18] [[30]]
INFO [2021-04-25 10:32:18] 
INFO [2021-04-25 10:32:18] 
