INFO [2021-04-25 10:14:55] $x
INFO [2021-04-25 10:14:55] dat_list
INFO [2021-04-25 10:14:55] 
INFO [2021-04-25 10:14:55] $na
INFO [2021-04-25 10:14:55] [1] "remove"
INFO [2021-04-25 10:14:55] 
INFO [2021-04-25 10:14:55] $filename
INFO [2021-04-25 10:14:55] NULL
INFO [2021-04-25 10:14:55] 
INFO [2021-04-25 10:14:55] $fill
INFO [2021-04-25 10:14:55] fill
INFO [2021-04-25 10:14:55] 
INFO [2021-04-25 10:14:55] $alpha
INFO [2021-04-25 10:14:55] input$alpha
INFO [2021-04-25 10:14:55] 
INFO [2021-04-25 10:14:55] $col
INFO [2021-04-25 10:14:55] input$border_col
INFO [2021-04-25 10:14:55] 
INFO [2021-04-25 10:14:55] $lwd
INFO [2021-04-25 10:14:55] input$lwd
INFO [2021-04-25 10:14:55] 
INFO [2021-04-25 10:14:55] $lty
INFO [2021-04-25 10:14:55] input$border_line
INFO [2021-04-25 10:14:55] 
INFO [2021-04-25 10:14:55] $label.col
INFO [2021-04-25 10:14:55] input$label_col
INFO [2021-04-25 10:14:55] 
INFO [2021-04-25 10:14:55] $cex
INFO [2021-04-25 10:14:55] input$cex
INFO [2021-04-25 10:14:55] 
INFO [2021-04-25 10:14:55] $print.mode
INFO [2021-04-25 10:14:55] input$print_mode
INFO [2021-04-25 10:14:55] 
INFO [2021-04-25 10:14:55] $sigdigs
INFO [2021-04-25 10:14:55] input$sigdigs
INFO [2021-04-25 10:14:55] 
INFO [2021-04-25 10:14:55] $cat.pos
INFO [2021-04-25 10:14:55] cat_ps
INFO [2021-04-25 10:14:55] 
INFO [2021-04-25 10:14:55] $cat.dist
INFO [2021-04-25 10:14:55] cat_dis
INFO [2021-04-25 10:14:55] 
INFO [2021-04-25 10:14:55] $cat.col
INFO [2021-04-25 10:14:55] input$cat_col
INFO [2021-04-25 10:14:55] 
INFO [2021-04-25 10:14:55] $cat.cex
INFO [2021-04-25 10:14:55] input$cat_cex
INFO [2021-04-25 10:14:55] 
INFO [2021-04-25 10:14:55] $main
INFO [2021-04-25 10:14:55] input$main
INFO [2021-04-25 10:14:55] 
INFO [2021-04-25 10:14:55] $main.cex
INFO [2021-04-25 10:14:55] input$main_cex
INFO [2021-04-25 10:14:55] 
INFO [2021-04-25 10:14:55] $main.pos
INFO [2021-04-25 10:14:55] c(0.5, input$main_height)
INFO [2021-04-25 10:14:55] 
INFO [2021-04-25 10:14:55] $margin
INFO [2021-04-25 10:14:55] input$margin
INFO [2021-04-25 10:14:55] 
INFO [2021-04-25 10:14:55] $euler.d
INFO [2021-04-25 10:14:55] input$euler_d
INFO [2021-04-25 10:14:55] 
INFO [2021-04-25 10:14:55] $scaled
INFO [2021-04-25 10:14:55] input$scaled
INFO [2021-04-25 10:14:55] 
INFO [2021-04-25 10:14:55] $inverted
INFO [2021-04-25 10:14:55] input$inverted
INFO [2021-04-25 10:14:55] 
INFO [2021-04-25 10:14:55] $ext.text
INFO [2021-04-25 10:14:55] input$ext_text
INFO [2021-04-25 10:14:55] 
INFO [2021-04-25 10:14:55] $ext.pos
INFO [2021-04-25 10:14:55] input$ext_pos
INFO [2021-04-25 10:14:55] 
INFO [2021-04-25 10:14:55] $ext.line.lwd
INFO [2021-04-25 10:14:55] input$ext_line_lwd
INFO [2021-04-25 10:14:55] 
INFO [2021-04-25 10:14:55] $ext.line.lty
INFO [2021-04-25 10:14:55] input$ext_line_lty
INFO [2021-04-25 10:14:55] 
INFO [2021-04-25 10:14:55] $ext.dist
INFO [2021-04-25 10:14:55] input$ext_dist
INFO [2021-04-25 10:14:55] 
INFO [2021-04-25 10:14:55] $ext.length
INFO [2021-04-25 10:14:55] input$ext_length
INFO [2021-04-25 10:14:55] 
INFO [2021-04-25 10:14:55] [[30]]
INFO [2021-04-25 10:14:55] 
INFO [2021-04-25 10:14:55] 
