INFO [2021-04-25 10:14:49] $x
INFO [2021-04-25 10:14:49] dat_list
INFO [2021-04-25 10:14:49] 
INFO [2021-04-25 10:14:49] $na
INFO [2021-04-25 10:14:49] [1] "remove"
INFO [2021-04-25 10:14:49] 
INFO [2021-04-25 10:14:49] $filename
INFO [2021-04-25 10:14:49] NULL
INFO [2021-04-25 10:14:49] 
INFO [2021-04-25 10:14:49] $fill
INFO [2021-04-25 10:14:49] fill
INFO [2021-04-25 10:14:49] 
INFO [2021-04-25 10:14:49] $alpha
INFO [2021-04-25 10:14:49] input$alpha
INFO [2021-04-25 10:14:49] 
INFO [2021-04-25 10:14:49] $col
INFO [2021-04-25 10:14:49] input$border_col
INFO [2021-04-25 10:14:49] 
INFO [2021-04-25 10:14:49] $lwd
INFO [2021-04-25 10:14:49] input$lwd
INFO [2021-04-25 10:14:49] 
INFO [2021-04-25 10:14:49] $lty
INFO [2021-04-25 10:14:49] input$border_line
INFO [2021-04-25 10:14:49] 
INFO [2021-04-25 10:14:49] $label.col
INFO [2021-04-25 10:14:49] input$label_col
INFO [2021-04-25 10:14:49] 
INFO [2021-04-25 10:14:49] $cex
INFO [2021-04-25 10:14:49] input$cex
INFO [2021-04-25 10:14:49] 
INFO [2021-04-25 10:14:49] $print.mode
INFO [2021-04-25 10:14:49] input$print_mode
INFO [2021-04-25 10:14:49] 
INFO [2021-04-25 10:14:49] $sigdigs
INFO [2021-04-25 10:14:49] input$sigdigs
INFO [2021-04-25 10:14:49] 
INFO [2021-04-25 10:14:49] $cat.pos
INFO [2021-04-25 10:14:49] cat_ps
INFO [2021-04-25 10:14:49] 
INFO [2021-04-25 10:14:49] $cat.dist
INFO [2021-04-25 10:14:49] cat_dis
INFO [2021-04-25 10:14:49] 
INFO [2021-04-25 10:14:49] $cat.col
INFO [2021-04-25 10:14:49] input$cat_col
INFO [2021-04-25 10:14:49] 
INFO [2021-04-25 10:14:49] $cat.cex
INFO [2021-04-25 10:14:49] input$cat_cex
INFO [2021-04-25 10:14:49] 
INFO [2021-04-25 10:14:49] $main
INFO [2021-04-25 10:14:49] input$main
INFO [2021-04-25 10:14:49] 
INFO [2021-04-25 10:14:49] $main.cex
INFO [2021-04-25 10:14:49] input$main_cex
INFO [2021-04-25 10:14:49] 
INFO [2021-04-25 10:14:49] $main.pos
INFO [2021-04-25 10:14:49] c(0.5, input$main_height)
INFO [2021-04-25 10:14:49] 
INFO [2021-04-25 10:14:49] $margin
INFO [2021-04-25 10:14:49] input$margin
INFO [2021-04-25 10:14:49] 
INFO [2021-04-25 10:14:49] $euler.d
INFO [2021-04-25 10:14:49] input$euler_d
INFO [2021-04-25 10:14:49] 
INFO [2021-04-25 10:14:49] $scaled
INFO [2021-04-25 10:14:49] input$scaled
INFO [2021-04-25 10:14:49] 
INFO [2021-04-25 10:14:49] $inverted
INFO [2021-04-25 10:14:49] input$inverted
INFO [2021-04-25 10:14:49] 
INFO [2021-04-25 10:14:49] $ext.text
INFO [2021-04-25 10:14:49] input$ext_text
INFO [2021-04-25 10:14:49] 
INFO [2021-04-25 10:14:49] $ext.pos
INFO [2021-04-25 10:14:49] input$ext_pos
INFO [2021-04-25 10:14:49] 
INFO [2021-04-25 10:14:49] $ext.line.lwd
INFO [2021-04-25 10:14:49] input$ext_line_lwd
INFO [2021-04-25 10:14:49] 
INFO [2021-04-25 10:14:49] $ext.line.lty
INFO [2021-04-25 10:14:49] input$ext_line_lty
INFO [2021-04-25 10:14:49] 
INFO [2021-04-25 10:14:49] $ext.dist
INFO [2021-04-25 10:14:49] input$ext_dist
INFO [2021-04-25 10:14:49] 
INFO [2021-04-25 10:14:49] $ext.length
INFO [2021-04-25 10:14:49] input$ext_length
INFO [2021-04-25 10:14:49] 
INFO [2021-04-25 10:14:49] [[30]]
INFO [2021-04-25 10:14:49] 
INFO [2021-04-25 10:14:49] 
