INFO [2021-04-25 09:36:34] $x
INFO [2021-04-25 09:36:34] dat_list
INFO [2021-04-25 09:36:34] 
INFO [2021-04-25 09:36:34] $na
INFO [2021-04-25 09:36:34] [1] "remove"
INFO [2021-04-25 09:36:34] 
INFO [2021-04-25 09:36:34] $filename
INFO [2021-04-25 09:36:34] NULL
INFO [2021-04-25 09:36:34] 
INFO [2021-04-25 09:36:34] $fill
INFO [2021-04-25 09:36:34] fill
INFO [2021-04-25 09:36:34] 
INFO [2021-04-25 09:36:34] $alpha
INFO [2021-04-25 09:36:34] input$alpha
INFO [2021-04-25 09:36:34] 
INFO [2021-04-25 09:36:34] $col
INFO [2021-04-25 09:36:34] input$border_col
INFO [2021-04-25 09:36:34] 
INFO [2021-04-25 09:36:34] $lwd
INFO [2021-04-25 09:36:34] input$lwd
INFO [2021-04-25 09:36:34] 
INFO [2021-04-25 09:36:34] $lty
INFO [2021-04-25 09:36:34] input$border_line
INFO [2021-04-25 09:36:34] 
INFO [2021-04-25 09:36:34] $label.col
INFO [2021-04-25 09:36:34] input$label_col
INFO [2021-04-25 09:36:34] 
INFO [2021-04-25 09:36:34] $cex
INFO [2021-04-25 09:36:34] input$cex
INFO [2021-04-25 09:36:34] 
INFO [2021-04-25 09:36:34] $print.mode
INFO [2021-04-25 09:36:34] input$print_mode
INFO [2021-04-25 09:36:34] 
INFO [2021-04-25 09:36:34] $sigdigs
INFO [2021-04-25 09:36:34] input$sigdigs
INFO [2021-04-25 09:36:34] 
INFO [2021-04-25 09:36:34] $cat.pos
INFO [2021-04-25 09:36:34] cat_ps
INFO [2021-04-25 09:36:34] 
INFO [2021-04-25 09:36:34] $cat.dist
INFO [2021-04-25 09:36:34] cat_dis
INFO [2021-04-25 09:36:34] 
INFO [2021-04-25 09:36:34] $cat.col
INFO [2021-04-25 09:36:34] input$cat_col
INFO [2021-04-25 09:36:34] 
INFO [2021-04-25 09:36:34] $cat.cex
INFO [2021-04-25 09:36:34] input$cat_cex
INFO [2021-04-25 09:36:34] 
INFO [2021-04-25 09:36:34] $main
INFO [2021-04-25 09:36:34] input$main
INFO [2021-04-25 09:36:34] 
INFO [2021-04-25 09:36:34] $main.cex
INFO [2021-04-25 09:36:34] input$main_cex
INFO [2021-04-25 09:36:34] 
INFO [2021-04-25 09:36:34] $main.pos
INFO [2021-04-25 09:36:34] c(0.5, input$main_height)
INFO [2021-04-25 09:36:34] 
INFO [2021-04-25 09:36:34] $margin
INFO [2021-04-25 09:36:34] input$margin
INFO [2021-04-25 09:36:34] 
INFO [2021-04-25 09:36:34] $euler.d
INFO [2021-04-25 09:36:34] input$euler_d
INFO [2021-04-25 09:36:34] 
INFO [2021-04-25 09:36:34] $scaled
INFO [2021-04-25 09:36:34] input$scaled
INFO [2021-04-25 09:36:34] 
INFO [2021-04-25 09:36:34] $inverted
INFO [2021-04-25 09:36:34] input$inverted
INFO [2021-04-25 09:36:34] 
INFO [2021-04-25 09:36:34] $ext.text
INFO [2021-04-25 09:36:34] input$ext_text
INFO [2021-04-25 09:36:34] 
INFO [2021-04-25 09:36:34] $ext.pos
INFO [2021-04-25 09:36:34] input$ext_pos
INFO [2021-04-25 09:36:34] 
INFO [2021-04-25 09:36:34] $ext.line.lwd
INFO [2021-04-25 09:36:34] input$ext_line_lwd
INFO [2021-04-25 09:36:34] 
INFO [2021-04-25 09:36:34] $ext.line.lty
INFO [2021-04-25 09:36:34] input$ext_line_lty
INFO [2021-04-25 09:36:34] 
INFO [2021-04-25 09:36:34] $ext.dist
INFO [2021-04-25 09:36:34] input$ext_dist
INFO [2021-04-25 09:36:34] 
INFO [2021-04-25 09:36:34] $ext.length
INFO [2021-04-25 09:36:34] input$ext_length
INFO [2021-04-25 09:36:34] 
INFO [2021-04-25 09:36:34] [[30]]
INFO [2021-04-25 09:36:34] 
INFO [2021-04-25 09:36:34] 
